     1                                  ;   Additions, subtractions
     2                                  ;   4.(b+b)-c-(a+d)
     3                                  bits 32 
     4                                  
     5                                  
     6                                  global start        
     7                                  
     8                                  extern exit               
     9                                  import exit msvcrt.dll    
    10                                  
    11                                  segment data use32 class=data
    12 00000000 3200                        a dw 50
    13 00000002 2E00                        b dw 46
    14 00000004 1100                        c dw 17
    15 00000006 0200                        d dw 2
    16                                  segment code use32 class=code
    17                                      start:
    18 00000000 66A1[02000000]                 mov ax, [b]
    19 00000006 660305[02000000]               add ax, [b]
    20 0000000D 662B05[04000000]               sub ax, [c]
    21 00000014 668B1D[00000000]               mov bx, [a]
    22 0000001B 66031D[06000000]               add bx, [d]
    23 00000022 6629D8                         sub ax, bx
    24 00000025 6A00                            push    dword 0      
    25 00000027 FF15[00000000]                  call    [exit]       
