     1                                  bits 32 ; assembling for the 32 bits architecture
     2                                  
     3                                  ; declare the EntryPoint (a label defining the very first instruction of the program)
     4                                  global start        
     5                                  
     6                                  ; declare external functions needed by our program
     7                                  extern exit, printf               ; tell nasm that exit exists even if we won't be defining it
     8                                  import exit msvcrt.dll    ; exit is a function that ends the calling process. It is defined in msvcrt.dll
     9                                                            ; msvcrt.dll contains exit, printf and all the other important C-runtime specific functions
    10                                  import printf msvcrt.dll
    11                                  
    12                                  ; our data is declared here (the variables needed by our program)
    13                                  segment data use32 class=data
    14 00000000 05000000                    a dd 5
    15 00000004 0A000000                    b dd 10
    16 00000008 25642B25643D256400          format db "%d+%d=%d", 0
    17                                  
    18                                  ; our code starts here
    19                                  segment code use32 class=code
    20                                      start:
    21 00000000 A1[00000000]                    mov eax, [a]
    22 00000005 8B1D[04000000]                  mov ebx, [b]
    23 0000000B 01D8                            add eax, ebx
    24                                          
    25 0000000D 50                              push eax
    26 0000000E FF35[04000000]                  push dword [b]
    27 00000014 FF35[00000000]                  push dword [a]
    28 0000001A 68[08000000]                    push format
    29 0000001F FF15[00000000]                  call [printf]
    30 00000025 83C410                          add esp, 4*4
    31                                          
    32 00000028 6A00                            push    dword 0      ; push the parameter for exit onto the stack
    33 0000002A FF15[00000000]                  call    [exit]       ; call exit to terminate the program
